<?xml version="1.0" encoding="utf-8"?>
<TestRun id="fdda7d80-5edc-42b5-a9e9-4308a58df253" name="@nayanthanethsaras-MacBook-Air 2025-09-25 09:45:21" xmlns="http://microsoft.com/schemas/VisualStudio/TeamTest/2010">
  <Times creation="2025-09-25T09:45:21.8844830+05:30" queuing="2025-09-25T09:45:21.8844830+05:30" start="2025-09-25T09:45:21.3809980+05:30" finish="2025-09-25T09:45:21.8864140+05:30" />
  <TestSettings name="default" id="4449f398-fe06-40e9-b155-d2886094e56f">
    <Deployment runDeploymentRoot="_nayanthanethsaras-MacBook-Air_2025-09-25_09_45_21" />
  </TestSettings>
  <Results>
    <UnitTestResult executionId="972b512f-f6f5-4593-9564-bccc1f86da9d" testId="ba31d3eb-56a5-95ee-77be-66642b066ccf" testName="BookService.Tests.BooksControllerTests.GetAllBooks_ReturnsEmpty_WhenNoBooks" computerName="nayanthanethsaras-MacBook-Air" duration="00:00:00.2178120" startTime="2025-09-25T09:45:21.8353600+05:30" endTime="2025-09-25T09:45:21.8353680+05:30" testType="13cdc9d9-ddb5-4fa4-a97d-d965ccfc6d4b" outcome="Passed" testListId="8c84fa94-04c1-424b-9868-57a2d4851a1d" relativeResultsDirectory="972b512f-f6f5-4593-9564-bccc1f86da9d" />
  </Results>
  <TestDefinitions>
    <UnitTest name="BookService.Tests.BooksControllerTests.GetAllBooks_ReturnsEmpty_WhenNoBooks" storage="/users/nayanthanethsara/documents/github/thekade-nalandaa/backend/bookservice.tests/bin/debug/net9.0/bookservice.tests.dll" id="ba31d3eb-56a5-95ee-77be-66642b066ccf">
      <Execution id="972b512f-f6f5-4593-9564-bccc1f86da9d" />
      <TestMethod codeBase="/Users/nayanthanethsara/Documents/Github/TheKade-Nalandaa/backend/BookService.Tests/bin/Debug/net9.0/BookService.Tests.dll" adapterTypeName="executor://xunit/VsTestRunner2/netcoreapp" className="BookService.Tests.BooksControllerTests" name="GetAllBooks_ReturnsEmpty_WhenNoBooks" />
    </UnitTest>
  </TestDefinitions>
  <TestEntries>
    <TestEntry testId="ba31d3eb-56a5-95ee-77be-66642b066ccf" executionId="972b512f-f6f5-4593-9564-bccc1f86da9d" testListId="8c84fa94-04c1-424b-9868-57a2d4851a1d" />
  </TestEntries>
  <TestLists>
    <TestList name="Results Not in a List" id="8c84fa94-04c1-424b-9868-57a2d4851a1d" />
    <TestList name="All Loaded Results" id="19431567-8539-422a-85d7-44ee4e166bda" />
  </TestLists>
  <ResultSummary outcome="Completed">
    <Counters total="1" executed="1" passed="1" failed="0" error="0" timeout="0" aborted="0" inconclusive="0" passedButRunAborted="0" notRunnable="0" notExecuted="0" disconnected="0" warning="0" completed="0" inProgress="0" pending="0" />
    <Output>
      <StdOut>[xUnit.net 00:00:00.00] xUnit.net VSTest Adapter v2.8.2+699d445a1a (64-bit .NET 9.0.7)
[xUnit.net 00:00:00.03]   Discovering: BookService.Tests
[xUnit.net 00:00:00.04]   Discovered:  BookService.Tests
[xUnit.net 00:00:00.04]   Starting:    BookService.Tests
[xUnit.net 00:00:00.27]   Finished:    BookService.Tests
</StdOut>
    </Output>
  </ResultSummary>
</TestRun>